<?xml version="1.0" encoding="UTF-8"?>
<!-- Generated by org.testng.reporters.JUnitXMLReporter -->
<testsuite ignored="11" hostname="PEMRPK-NB1" failures="0" tests="2" name="Default test" time="57.535" errors="0" timestamp="2022-12-23T08:51:16 EST">
  <testcase classname="com.ipclinical.testcases.PatientCaseTest" name="patientCase_TC1_toNavigatePatientCase" time="39.011"/>
  <testcase classname="com.ipclinical.testcases.PatientCaseTest" name="patientCase_TC4c_SelectingPatient_SearchResultShouldAppear_patientShouldBeSelected" time="8.188"/>
  <testcase classname="com.ipclinical.testcases.PatientCaseTest" name="patientCase_TC7_TC10_clickSave_withSelectingPatient_patientCaseMainWindowShouldBeDisplayed_verifyAddedPatientCase" time="0.0">
    <ignored/>
  </testcase> <!-- patientCase_TC7_TC10_clickSave_withSelectingPatient_patientCaseMainWindowShouldBeDisplayed_verifyAddedPatientCase -->
  <testcase classname="com.ipclinical.testcases.PatientCaseTest" name="patientCase_TC3a_toValidateMandatoryFields_PatientCaseModel" time="0.0">
    <ignored/>
  </testcase> <!-- patientCase_TC3a_toValidateMandatoryFields_PatientCaseModel -->
  <testcase classname="com.ipclinical.testcases.PatientCaseTest" name="patientCase_TC1a_toValidateFields_page" time="0.0">
    <ignored/>
  </testcase> <!-- patientCase_TC1a_toValidateFields_page -->
  <testcase classname="com.ipclinical.testcases.PatientCaseTest" name="patientCase_TC3_8_9_toValidateFields_PatientCaseModel" time="0.0">
    <ignored/>
  </testcase> <!-- patientCase_TC3_8_9_toValidateFields_PatientCaseModel -->
  <testcase classname="com.ipclinical.testcases.PatientCaseTest" name="patientCase_TC6_clickSaveScheduler_withSelectingPatient_schedulerPageShouldBeDisplayed" time="0.0">
    <ignored/>
  </testcase> <!-- patientCase_TC6_clickSaveScheduler_withSelectingPatient_schedulerPageShouldBeDisplayed -->
  <testcase classname="com.ipclinical.testcases.PatientCaseTest" name="patientCase_TC2_clickBtnAddPatientCase_PatientCaseModelShouldBeDisplayed" time="0.0">
    <ignored/>
  </testcase> <!-- patientCase_TC2_clickBtnAddPatientCase_PatientCaseModelShouldBeDisplayed -->
  <testcase classname="com.ipclinical.testcases.PatientCaseTest" name="patientCase_TC5_clickBtnSaveSchudular_BtnSave_withoutPatienSelecting_AlertShouldBeDisplayed" time="0.0">
    <ignored/>
  </testcase> <!-- patientCase_TC5_clickBtnSaveSchudular_BtnSave_withoutPatienSelecting_AlertShouldBeDisplayed -->
  <testcase classname="com.ipclinical.testcases.PatientCaseTest" name="patientCase_TC4_clickBtnSelectPatient_PatientSearchModelShouldBeDisplayed" time="0.0">
    <ignored/>
  </testcase> <!-- patientCase_TC4_clickBtnSelectPatient_PatientSearchModelShouldBeDisplayed -->
  <testcase classname="com.ipclinical.testcases.PatientCaseTest" name="patientCase_TC11_selectTypeAsRefund_patientCaseShouldbeDisplayedIn_refundColumnInClinicalInbox_againstSelectedProvider" time="0.0">
    <ignored/>
  </testcase> <!-- patientCase_TC11_selectTypeAsRefund_patientCaseShouldbeDisplayedIn_refundColumnInClinicalInbox_againstSelectedProvider -->
  <testcase classname="com.ipclinical.testcases.PatientCaseTest" name="patientCase_TC4b_clickBtnSave_withoutPatienSelecting_AlertShouldBeDisplayed" time="0.0">
    <ignored/>
  </testcase> <!-- patientCase_TC4b_clickBtnSave_withoutPatienSelecting_AlertShouldBeDisplayed -->
  <testcase classname="com.ipclinical.testcases.PatientCaseTest" name="patientCase_TC4a_toValidateFields_SelectPatientModel" time="0.0">
    <ignored/>
  </testcase> <!-- patientCase_TC4a_toValidateFields_SelectPatientModel -->
</testsuite> <!-- Default test -->
