<?xml version="1.0" encoding="UTF-8"?>
<!-- Generated by org.testng.reporters.JUnitXMLReporter -->
<testsuite ignored="13" hostname="DESKTOP-9NDP6NK" failures="1" tests="4" name="Default test" time="87.906" errors="0" timestamp="2022-12-26T22:05:52 PKT">
  <testcase classname="com.ipclinical.testcases.PatientCaseTest" name="patientCase_TC1_toNavigatePatientCase" time="40.46"/>
  <testcase classname="com.ipclinical.testcases.PatientCaseTest" name="patientCase_TC12_toNavigateto_PatientChart_PatientCase" time="26.225">
    <failure type="org.openqa.selenium.TimeoutException" message="timeout: Timed out receiving message from renderer: 20.000
  (Session info: chrome=108.0.5359.125)
Build info: version: &amp;apos;3.141.59&amp;apos;, revision: &amp;apos;e82be7d358&amp;apos;, time: &amp;apos;2018-11-14T08:17:03&amp;apos;
System info: host: &amp;apos;DESKTOP-9NDP6NK&amp;apos;, ip: &amp;apos;192.168.0.101&amp;apos;, os.name: &amp;apos;Windows 10&amp;apos;, os.arch: &amp;apos;amd64&amp;apos;, os.version: &amp;apos;10.0&amp;apos;, java.version: &amp;apos;15.0.1&amp;apos;
Driver info: org.openqa.selenium.chrome.ChromeDriver
Capabilities {acceptInsecureCerts: false, browserName: chrome, browserVersion: 108.0.5359.125, chrome: {chromedriverVersion: 108.0.5359.71 (1e0e3868ee06..., userDataDir: C:\Users\USMANA~1\AppData\L...}, goog:chromeOptions: {debuggerAddress: localhost:60499}, javascriptEnabled: true, networkConnectionEnabled: false, pageLoadStrategy: normal, platform: WINDOWS, platformName: WINDOWS, proxy: Proxy(), setWindowRect: true, strictFileInteractability: false, timeouts: {implicit: 0, pageLoad: 300000, script: 30000}, unhandledPromptBehavior: dismiss and notify, webauthn:extension:credBlob: true, webauthn:extension:largeBlob: true, webauthn:virtualAuthenticators: true}
Session ID: 7373acd72ae1607eea795d7a875ba572">
      <![CDATA[org.openqa.selenium.TimeoutException: timeout: Timed out receiving message from renderer: 20.000
  (Session info: chrome=108.0.5359.125)
Build info: version: '3.141.59', revision: 'e82be7d358', time: '2018-11-14T08:17:03'
System info: host: 'DESKTOP-9NDP6NK', ip: '192.168.0.101', os.name: 'Windows 10', os.arch: 'amd64', os.version: '10.0', java.version: '15.0.1'
Driver info: org.openqa.selenium.chrome.ChromeDriver
Capabilities {acceptInsecureCerts: false, browserName: chrome, browserVersion: 108.0.5359.125, chrome: {chromedriverVersion: 108.0.5359.71 (1e0e3868ee06..., userDataDir: C:\Users\USMANA~1\AppData\L...}, goog:chromeOptions: {debuggerAddress: localhost:60499}, javascriptEnabled: true, networkConnectionEnabled: false, pageLoadStrategy: normal, platform: WINDOWS, platformName: WINDOWS, proxy: Proxy(), setWindowRect: true, strictFileInteractability: false, timeouts: {implicit: 0, pageLoad: 300000, script: 30000}, unhandledPromptBehavior: dismiss and notify, webauthn:extension:credBlob: true, webauthn:extension:largeBlob: true, webauthn:virtualAuthenticators: true}
Session ID: 7373acd72ae1607eea795d7a875ba572
at java.base/jdk.internal.reflect.NativeConstructorAccessorImpl.newInstance0(Native Method)
at java.base/jdk.internal.reflect.NativeConstructorAccessorImpl.newInstance(NativeConstructorAccessorImpl.java:64)
at java.base/jdk.internal.reflect.DelegatingConstructorAccessorImpl.newInstance(DelegatingConstructorAccessorImpl.java:45)
at java.base/java.lang.reflect.Constructor.newInstanceWithCaller(Constructor.java:500)
at java.base/java.lang.reflect.Constructor.newInstance(Constructor.java:481)
at org.openqa.selenium.remote.http.W3CHttpResponseCodec.createException(W3CHttpResponseCodec.java:187)
at org.openqa.selenium.remote.http.W3CHttpResponseCodec.decode(W3CHttpResponseCodec.java:122)
at org.openqa.selenium.remote.http.W3CHttpResponseCodec.decode(W3CHttpResponseCodec.java:49)
at org.openqa.selenium.remote.HttpCommandExecutor.execute(HttpCommandExecutor.java:158)
at org.openqa.selenium.remote.service.DriverCommandExecutor.execute(DriverCommandExecutor.java:83)
at org.openqa.selenium.remote.RemoteWebDriver.execute(RemoteWebDriver.java:552)
at org.openqa.selenium.remote.RemoteWebDriver.perform(RemoteWebDriver.java:618)
at org.openqa.selenium.interactions.Actions$BuiltAction.perform(Actions.java:639)
at com.ipclinical.actiondriver.Action.click(Action.java:57)
at com.ipclinical.pageobjects.PatientListPage.goToPatientChart(PatientListPage.java:72)
at com.ipclinical.testcases.PatientCaseTest.patientCase_TC12_toNavigateto_PatientChart_PatientCase(PatientCaseTest.java:615)
at java.base/jdk.internal.reflect.NativeMethodAccessorImpl.invoke0(Native Method)
at java.base/jdk.internal.reflect.NativeMethodAccessorImpl.invoke(NativeMethodAccessorImpl.java:64)
at java.base/jdk.internal.reflect.DelegatingMethodAccessorImpl.invoke(DelegatingMethodAccessorImpl.java:43)
at java.base/java.lang.reflect.Method.invoke(Method.java:564)
at org.testng.internal.MethodInvocationHelper.invokeMethod(MethodInvocationHelper.java:134)
at org.testng.internal.TestInvoker.invokeMethod(TestInvoker.java:597)
at org.testng.internal.TestInvoker.invokeTestMethod(TestInvoker.java:173)
at org.testng.internal.MethodRunner.runInSequence(MethodRunner.java:46)
at org.testng.internal.TestInvoker$MethodInvocationAgent.invoke(TestInvoker.java:816)
at org.testng.internal.TestInvoker.invokeTestMethods(TestInvoker.java:146)
at org.testng.internal.TestMethodWorker.invokeTestMethods(TestMethodWorker.java:146)
at org.testng.internal.TestMethodWorker.run(TestMethodWorker.java:128)
at java.base/java.util.ArrayList.forEach(ArrayList.java:1511)
at org.testng.TestRunner.privateRun(TestRunner.java:766)
at org.testng.TestRunner.run(TestRunner.java:587)
at org.testng.SuiteRunner.runTest(SuiteRunner.java:384)
at org.testng.SuiteRunner.runSequentially(SuiteRunner.java:378)
at org.testng.SuiteRunner.privateRun(SuiteRunner.java:337)
at org.testng.SuiteRunner.run(SuiteRunner.java:286)
at org.testng.SuiteRunnerWorker.runSuite(SuiteRunnerWorker.java:53)
at org.testng.SuiteRunnerWorker.run(SuiteRunnerWorker.java:96)
at org.testng.TestNG.runSuitesSequentially(TestNG.java:1187)
at org.testng.TestNG.runSuitesLocally(TestNG.java:1109)
at org.testng.TestNG.runSuites(TestNG.java:1039)
at org.testng.TestNG.run(TestNG.java:1007)
at org.testng.remote.AbstractRemoteTestNG.run(AbstractRemoteTestNG.java:115)
at org.testng.remote.RemoteTestNG.initAndRun(RemoteTestNG.java:251)
at org.testng.remote.RemoteTestNG.main(RemoteTestNG.java:77)
]]>
    </failure>
  </testcase> <!-- patientCase_TC12_toNavigateto_PatientChart_PatientCase -->
  <testcase classname="com.ipclinical.testcases.PatientCaseTest" name="patientCase_TC15_toValidateMandatoryFields_PatientCaseModel" time="0.0">
    <skipped/>
  </testcase> <!-- patientCase_TC15_toValidateMandatoryFields_PatientCaseModel -->
  <testcase classname="com.ipclinical.testcases.PatientCaseTest" name="patientCase_TC14_toValidateFields_PatientCaseModel" time="0.0">
    <skipped/>
  </testcase> <!-- patientCase_TC14_toValidateFields_PatientCaseModel -->
  <testcase classname="com.ipclinical.testcases.PatientCaseTest" name="patientCase_TC7_TC10_clickSave_withSelectingPatient_patientCaseMainWindowShouldBeDisplayed_verifyAddedPatientCase" time="0.0">
    <ignored/>
  </testcase> <!-- patientCase_TC7_TC10_clickSave_withSelectingPatient_patientCaseMainWindowShouldBeDisplayed_verifyAddedPatientCase -->
  <testcase classname="com.ipclinical.testcases.PatientCaseTest" name="patientCase_TC3a_toValidateMandatoryFields_PatientCaseModel" time="0.0">
    <ignored/>
  </testcase> <!-- patientCase_TC3a_toValidateMandatoryFields_PatientCaseModel -->
  <testcase classname="com.ipclinical.testcases.PatientCaseTest" name="patientCase_TC3_8_9_toValidateFields_PatientCaseModel" time="0.0">
    <ignored/>
  </testcase> <!-- patientCase_TC3_8_9_toValidateFields_PatientCaseModel -->
  <testcase classname="com.ipclinical.testcases.PatientCaseTest" name="patientCase_TC5_clickBtnSaveSchudular_BtnSave_withoutPatienSelecting_AlertShouldBeDisplayed" time="0.0">
    <ignored/>
  </testcase> <!-- patientCase_TC5_clickBtnSaveSchudular_BtnSave_withoutPatienSelecting_AlertShouldBeDisplayed -->
  <testcase classname="com.ipclinical.testcases.PatientCaseTest" name="patientCase_TC4b_clickBtnSave_withoutPatienSelecting_AlertShouldBeDisplayed" time="0.0">
    <ignored/>
  </testcase> <!-- patientCase_TC4b_clickBtnSave_withoutPatienSelecting_AlertShouldBeDisplayed -->
  <testcase classname="com.ipclinical.testcases.PatientCaseTest" name="patientCase_TC4a_toValidateFields_SelectPatientModel" time="0.0">
    <ignored/>
  </testcase> <!-- patientCase_TC4a_toValidateFields_SelectPatientModel -->
  <testcase classname="com.ipclinical.testcases.PatientCaseTest" name="patientCase_TC1a_toValidateFields_page" time="0.0">
    <ignored/>
  </testcase> <!-- patientCase_TC1a_toValidateFields_page -->
  <testcase classname="com.ipclinical.testcases.PatientCaseTest" name="patientCase_TC6_clickSaveScheduler_withSelectingPatient_schedulerPageShouldBeDisplayed" time="0.0">
    <ignored/>
  </testcase> <!-- patientCase_TC6_clickSaveScheduler_withSelectingPatient_schedulerPageShouldBeDisplayed -->
  <testcase classname="com.ipclinical.testcases.PatientCaseTest" name="patientCase_TC2_clickBtnAddPatientCase_PatientCaseModelShouldBeDisplayed" time="0.0">
    <ignored/>
  </testcase> <!-- patientCase_TC2_clickBtnAddPatientCase_PatientCaseModelShouldBeDisplayed -->
  <testcase classname="com.ipclinical.testcases.PatientCaseTest" name="patientCase_fromPatientChart_TC13_clickBtnAdd_PatientCaseModelShouldBeDisplayed" time="0.0">
    <ignored/>
  </testcase> <!-- patientCase_fromPatientChart_TC13_clickBtnAdd_PatientCaseModelShouldBeDisplayed -->
  <testcase classname="com.ipclinical.testcases.PatientCaseTest" name="patientCase_TC4_clickBtnSelectPatient_PatientSearchModelShouldBeDisplayed" time="0.0">
    <ignored/>
  </testcase> <!-- patientCase_TC4_clickBtnSelectPatient_PatientSearchModelShouldBeDisplayed -->
  <testcase classname="com.ipclinical.testcases.PatientCaseTest" name="patientCase_TC11_selectTypeAsRefund_patientCaseShouldbeDisplayedIn_refundColumnInClinicalInbox_againstSelectedProvider" time="0.0">
    <ignored/>
  </testcase> <!-- patientCase_TC11_selectTypeAsRefund_patientCaseShouldbeDisplayedIn_refundColumnInClinicalInbox_againstSelectedProvider -->
  <testcase classname="com.ipclinical.testcases.PatientCaseTest" name="patientCase_TC4c_SelectingPatient_SearchResultShouldAppear_patientShouldBeSelected" time="0.0">
    <ignored/>
  </testcase> <!-- patientCase_TC4c_SelectingPatient_SearchResultShouldAppear_patientShouldBeSelected -->
</testsuite> <!-- Default test -->
