<?xml version="1.0" encoding="UTF-8"?>
<!-- Generated by org.testng.reporters.JUnitXMLReporter -->
<testsuite ignored="0" hostname="DESKTOP-9NDP6NK" failures="0" tests="43" name="Test_All" time="38.446" errors="0" timestamp="2023-06-22T11:24:52 PKT">
  <testcase classname="com.ipclinical.testcases.PracticeMate" name="@BeforeClass setup" time="37.445">
    <failure type="org.openqa.selenium.NoSuchElementException" message="no such element: Unable to locate element: {&amp;quot;method&amp;quot;:&amp;quot;css selector&amp;quot;,&amp;quot;selector&amp;quot;:&amp;quot;#password&amp;quot;}
  (Session info: chrome=114.0.5735.134)
For documentation on this error, please visit: https://selenium.dev/exceptions/#no_such_element
Build info: version: &amp;apos;4.9.1&amp;apos;, revision: &amp;apos;eb2032df7f&amp;apos;
System info: os.name: &amp;apos;Windows 10&amp;apos;, os.arch: &amp;apos;amd64&amp;apos;, os.version: &amp;apos;10.0&amp;apos;, java.version: &amp;apos;15.0.1&amp;apos;
Driver info: org.openqa.selenium.chrome.ChromeDriver
Command: [0a617792f95539472573cd8322f2cc5f, findElement {using=id, value=password}]
Capabilities {acceptInsecureCerts: false, browserName: chrome, browserVersion: 114.0.5735.134, chrome: {chromedriverVersion: 114.0.5735.90 (386bc09e8f4f..., userDataDir: C:\Users\USMANA~1\AppData\L...}, goog:chromeOptions: {debuggerAddress: localhost:50508}, networkConnectionEnabled: false, pageLoadStrategy: normal, platformName: windows, proxy: Proxy(), se:cdp: ws://localhost:50508/devtoo..., se:cdpVersion: 114.0.5735.134, setWindowRect: true, strictFileInteractability: false, timeouts: {implicit: 0, pageLoad: 300000, script: 30000}, unhandledPromptBehavior: dismiss and notify, webauthn:extension:credBlob: true, webauthn:extension:largeBlob: true, webauthn:extension:minPinLength: true, webauthn:extension:prf: true, webauthn:virtualAuthenticators: true}
Session ID: 0a617792f95539472573cd8322f2cc5f">
      <![CDATA[org.openqa.selenium.NoSuchElementException: no such element: Unable to locate element: {"method":"css selector","selector":"#password"}
  (Session info: chrome=114.0.5735.134)
For documentation on this error, please visit: https://selenium.dev/exceptions/#no_such_element
Build info: version: '4.9.1', revision: 'eb2032df7f'
System info: os.name: 'Windows 10', os.arch: 'amd64', os.version: '10.0', java.version: '15.0.1'
Driver info: org.openqa.selenium.chrome.ChromeDriver
Command: [0a617792f95539472573cd8322f2cc5f, findElement {using=id, value=password}]
Capabilities {acceptInsecureCerts: false, browserName: chrome, browserVersion: 114.0.5735.134, chrome: {chromedriverVersion: 114.0.5735.90 (386bc09e8f4f..., userDataDir: C:\Users\USMANA~1\AppData\L...}, goog:chromeOptions: {debuggerAddress: localhost:50508}, networkConnectionEnabled: false, pageLoadStrategy: normal, platformName: windows, proxy: Proxy(), se:cdp: ws://localhost:50508/devtoo..., se:cdpVersion: 114.0.5735.134, setWindowRect: true, strictFileInteractability: false, timeouts: {implicit: 0, pageLoad: 300000, script: 30000}, unhandledPromptBehavior: dismiss and notify, webauthn:extension:credBlob: true, webauthn:extension:largeBlob: true, webauthn:extension:minPinLength: true, webauthn:extension:prf: true, webauthn:virtualAuthenticators: true}
Session ID: 0a617792f95539472573cd8322f2cc5f
at org.openqa.selenium.remote.codec.w3c.W3CHttpResponseCodec.createException(W3CHttpResponseCodec.java:200)
at org.openqa.selenium.remote.codec.w3c.W3CHttpResponseCodec.decode(W3CHttpResponseCodec.java:133)
at org.openqa.selenium.remote.codec.w3c.W3CHttpResponseCodec.decode(W3CHttpResponseCodec.java:53)
at org.openqa.selenium.remote.HttpCommandExecutor.execute(HttpCommandExecutor.java:193)
at org.openqa.selenium.remote.service.DriverCommandExecutor.invokeExecute(DriverCommandExecutor.java:183)
at org.openqa.selenium.remote.service.DriverCommandExecutor.execute(DriverCommandExecutor.java:158)
at org.openqa.selenium.remote.RemoteWebDriver.execute(RemoteWebDriver.java:543)
at org.openqa.selenium.remote.ElementLocation$ElementFinder$2.findElement(ElementLocation.java:162)
at org.openqa.selenium.remote.ElementLocation.findElement(ElementLocation.java:60)
at org.openqa.selenium.remote.RemoteWebDriver.findElement(RemoteWebDriver.java:352)
at org.openqa.selenium.remote.RemoteWebDriver.findElement(RemoteWebDriver.java:344)
at org.openqa.selenium.support.pagefactory.DefaultElementLocator.findElement(DefaultElementLocator.java:70)
at org.openqa.selenium.support.pagefactory.internal.LocatingElementHandler.invoke(LocatingElementHandler.java:39)
at com.sun.proxy.$Proxy21.submit(Unknown Source)
at com.ipclinical.pageobjects.LoginPage.login(LoginPage.java:134)
at com.ipclinical.testcases.PracticeMate.setup(PracticeMate.java:61)
at java.base/java.util.concurrent.ThreadPoolExecutor.runWorker(ThreadPoolExecutor.java:1130)
at java.base/java.util.concurrent.ThreadPoolExecutor$Worker.run(ThreadPoolExecutor.java:630)
at java.base/java.lang.Thread.run(Thread.java:832)
... Removed 15 stack frames]]>
    </failure>
  </testcase> <!-- @BeforeClass setup -->
  <testcase classname="com.ipclinical.testcases.PracticeMate" name="@AfterMethod tearDown" time="0.0">
    <skipped/>
  </testcase> <!-- @AfterMethod tearDown -->
  <testcase classname="com.ipclinical.testcases.PracticeMate" name="@AfterMethod tearDown" time="0.0">
    <skipped/>
  </testcase> <!-- @AfterMethod tearDown -->
  <testcase classname="com.ipclinical.testcases.PracticeMate" name="@AfterMethod tearDown" time="0.0">
    <skipped/>
  </testcase> <!-- @AfterMethod tearDown -->
  <testcase classname="com.ipclinical.testcases.PracticeMate" name="@AfterMethod tearDown" time="0.0">
    <skipped/>
  </testcase> <!-- @AfterMethod tearDown -->
  <testcase classname="com.ipclinical.testcases.PracticeMate" name="@AfterMethod tearDown" time="0.0">
    <skipped/>
  </testcase> <!-- @AfterMethod tearDown -->
  <testcase classname="com.ipclinical.testcases.PracticeMate" name="@AfterMethod tearDown" time="0.0">
    <skipped/>
  </testcase> <!-- @AfterMethod tearDown -->
  <testcase classname="com.ipclinical.testcases.PracticeMate" name="@AfterMethod tearDown" time="0.0">
    <skipped/>
  </testcase> <!-- @AfterMethod tearDown -->
  <testcase classname="com.ipclinical.testcases.PracticeMate" name="@AfterMethod tearDown" time="0.0">
    <skipped/>
  </testcase> <!-- @AfterMethod tearDown -->
  <testcase classname="com.ipclinical.testcases.PracticeMate" name="@AfterMethod tearDown" time="0.0">
    <skipped/>
  </testcase> <!-- @AfterMethod tearDown -->
  <testcase classname="com.ipclinical.testcases.PracticeMate" name="@AfterMethod tearDown" time="0.0">
    <skipped/>
  </testcase> <!-- @AfterMethod tearDown -->
  <testcase classname="com.ipclinical.testcases.PracticeMate" name="@AfterMethod tearDown" time="0.0">
    <skipped/>
  </testcase> <!-- @AfterMethod tearDown -->
  <testcase classname="com.ipclinical.testcases.PracticeMate" name="@AfterMethod tearDown" time="0.0">
    <skipped/>
  </testcase> <!-- @AfterMethod tearDown -->
  <testcase classname="com.ipclinical.testcases.PracticeMate" name="@AfterMethod tearDown" time="0.0">
    <skipped/>
  </testcase> <!-- @AfterMethod tearDown -->
  <testcase classname="com.ipclinical.testcases.PracticeMate" name="@AfterMethod tearDown" time="0.0">
    <skipped/>
  </testcase> <!-- @AfterMethod tearDown -->
  <testcase classname="com.ipclinical.testcases.PracticeMate" name="@AfterMethod tearDown" time="0.0">
    <skipped/>
  </testcase> <!-- @AfterMethod tearDown -->
  <testcase classname="com.ipclinical.testcases.PracticeMate" name="@AfterMethod tearDown" time="0.0">
    <skipped/>
  </testcase> <!-- @AfterMethod tearDown -->
  <testcase classname="com.ipclinical.testcases.PracticeMate" name="@AfterMethod tearDown" time="0.0">
    <skipped/>
  </testcase> <!-- @AfterMethod tearDown -->
  <testcase classname="com.ipclinical.testcases.PracticeMate" name="@AfterMethod tearDown" time="0.0">
    <skipped/>
  </testcase> <!-- @AfterMethod tearDown -->
  <testcase classname="com.ipclinical.testcases.PracticeMate" name="@AfterMethod tearDown" time="0.0">
    <skipped/>
  </testcase> <!-- @AfterMethod tearDown -->
  <testcase classname="com.ipclinical.testcases.PracticeMate" name="@AfterMethod tearDown" time="0.0">
    <skipped/>
  </testcase> <!-- @AfterMethod tearDown -->
  <testcase classname="com.ipclinical.testcases.PracticeMate" name="@AfterMethod tearDown" time="0.0">
    <skipped/>
  </testcase> <!-- @AfterMethod tearDown -->
  <testcase classname="com.ipclinical.testcases.PracticeMate" name="@AfterMethod tearDown" time="0.0">
    <skipped/>
  </testcase> <!-- @AfterMethod tearDown -->
  <testcase classname="com.ipclinical.testcases.PracticeMate" name="@AfterMethod tearDown" time="0.0">
    <skipped/>
  </testcase> <!-- @AfterMethod tearDown -->
  <testcase classname="com.ipclinical.testcases.PracticeMate" name="@AfterMethod tearDown" time="0.0">
    <skipped/>
  </testcase> <!-- @AfterMethod tearDown -->
  <testcase classname="com.ipclinical.testcases.PracticeMate" name="@AfterMethod tearDown" time="0.0">
    <skipped/>
  </testcase> <!-- @AfterMethod tearDown -->
  <testcase classname="com.ipclinical.testcases.PracticeMate" name="@AfterMethod tearDown" time="0.0">
    <skipped/>
  </testcase> <!-- @AfterMethod tearDown -->
  <testcase classname="com.ipclinical.testcases.PracticeMate" name="@AfterMethod tearDown" time="0.0">
    <skipped/>
  </testcase> <!-- @AfterMethod tearDown -->
  <testcase classname="com.ipclinical.testcases.PracticeMate" name="@AfterMethod tearDown" time="0.0">
    <skipped/>
  </testcase> <!-- @AfterMethod tearDown -->
  <testcase classname="com.ipclinical.testcases.PracticeMate" name="@AfterMethod tearDown" time="0.0">
    <skipped/>
  </testcase> <!-- @AfterMethod tearDown -->
  <testcase classname="com.ipclinical.testcases.PracticeMate" name="@AfterMethod tearDown" time="0.0">
    <skipped/>
  </testcase> <!-- @AfterMethod tearDown -->
  <testcase classname="com.ipclinical.testcases.PracticeMate" name="@AfterMethod tearDown" time="0.0">
    <skipped/>
  </testcase> <!-- @AfterMethod tearDown -->
  <testcase classname="com.ipclinical.testcases.PracticeMate" name="@AfterMethod tearDown" time="0.0">
    <skipped/>
  </testcase> <!-- @AfterMethod tearDown -->
  <testcase classname="com.ipclinical.testcases.PracticeMate" name="@AfterMethod tearDown" time="0.0">
    <skipped/>
  </testcase> <!-- @AfterMethod tearDown -->
  <testcase classname="com.ipclinical.testcases.PracticeMate" name="@AfterMethod tearDown" time="0.0">
    <skipped/>
  </testcase> <!-- @AfterMethod tearDown -->
  <testcase classname="com.ipclinical.testcases.PracticeMate" name="@AfterMethod tearDown" time="0.0">
    <skipped/>
  </testcase> <!-- @AfterMethod tearDown -->
  <testcase classname="com.ipclinical.testcases.PracticeMate" name="@AfterMethod tearDown" time="0.0">
    <skipped/>
  </testcase> <!-- @AfterMethod tearDown -->
  <testcase classname="com.ipclinical.testcases.PracticeMate" name="@AfterMethod tearDown" time="0.0">
    <skipped/>
  </testcase> <!-- @AfterMethod tearDown -->
  <testcase classname="com.ipclinical.testcases.PracticeMate" name="@AfterMethod tearDown" time="0.0">
    <skipped/>
  </testcase> <!-- @AfterMethod tearDown -->
  <testcase classname="com.ipclinical.testcases.PracticeMate" name="@AfterMethod tearDown" time="0.0">
    <skipped/>
  </testcase> <!-- @AfterMethod tearDown -->
  <testcase classname="com.ipclinical.testcases.PracticeMate" name="@AfterMethod tearDown" time="0.0">
    <skipped/>
  </testcase> <!-- @AfterMethod tearDown -->
  <testcase classname="com.ipclinical.testcases.PracticeMate" name="@AfterMethod tearDown" time="0.0">
    <skipped/>
  </testcase> <!-- @AfterMethod tearDown -->
  <testcase classname="com.ipclinical.testcases.PracticeMate" name="@AfterMethod tearDown" time="0.0">
    <skipped/>
  </testcase> <!-- @AfterMethod tearDown -->
  <testcase classname="com.ipclinical.testcases.PracticeMate" name="@AfterMethod tearDown" time="0.0">
    <skipped/>
  </testcase> <!-- @AfterMethod tearDown -->
  <testcase classname="com.ipclinical.testcases.PracticeMate" name="loginTest1" time="0.0">
    <skipped/>
  </testcase> <!-- loginTest1 -->
  <testcase classname="com.ipclinical.testcases.PracticeMate" name="loginTest1" time="0.0">
    <skipped/>
  </testcase> <!-- loginTest1 -->
  <testcase classname="com.ipclinical.testcases.PracticeMate" name="loginTest1" time="0.0">
    <skipped/>
  </testcase> <!-- loginTest1 -->
  <testcase classname="com.ipclinical.testcases.PracticeMate" name="loginTest1" time="0.0">
    <skipped/>
  </testcase> <!-- loginTest1 -->
  <testcase classname="com.ipclinical.testcases.PracticeMate" name="loginTest1" time="0.001">
    <skipped/>
  </testcase> <!-- loginTest1 -->
  <testcase classname="com.ipclinical.testcases.PracticeMate" name="loginTest1" time="0.0">
    <skipped/>
  </testcase> <!-- loginTest1 -->
  <testcase classname="com.ipclinical.testcases.PracticeMate" name="loginTest1" time="0.0">
    <skipped/>
  </testcase> <!-- loginTest1 -->
  <testcase classname="com.ipclinical.testcases.PracticeMate" name="loginTest1" time="0.001">
    <skipped/>
  </testcase> <!-- loginTest1 -->
  <testcase classname="com.ipclinical.testcases.PracticeMate" name="loginTest1" time="0.0">
    <skipped/>
  </testcase> <!-- loginTest1 -->
  <testcase classname="com.ipclinical.testcases.PracticeMate" name="loginTest1" time="0.0">
    <skipped/>
  </testcase> <!-- loginTest1 -->
  <testcase classname="com.ipclinical.testcases.PracticeMate" name="loginTest1" time="0.0">
    <skipped/>
  </testcase> <!-- loginTest1 -->
  <testcase classname="com.ipclinical.testcases.PracticeMate" name="loginTest1" time="0.0">
    <skipped/>
  </testcase> <!-- loginTest1 -->
  <testcase classname="com.ipclinical.testcases.PracticeMate" name="loginTest1" time="0.0">
    <skipped/>
  </testcase> <!-- loginTest1 -->
  <testcase classname="com.ipclinical.testcases.PracticeMate" name="loginTest1" time="0.0">
    <skipped/>
  </testcase> <!-- loginTest1 -->
  <testcase classname="com.ipclinical.testcases.PracticeMate" name="loginTest1" time="0.0">
    <skipped/>
  </testcase> <!-- loginTest1 -->
  <testcase classname="com.ipclinical.testcases.PracticeMate" name="loginTest1" time="0.001">
    <skipped/>
  </testcase> <!-- loginTest1 -->
  <testcase classname="com.ipclinical.testcases.PracticeMate" name="loginTest1" time="0.0">
    <skipped/>
  </testcase> <!-- loginTest1 -->
  <testcase classname="com.ipclinical.testcases.PracticeMate" name="loginTest1" time="0.0">
    <skipped/>
  </testcase> <!-- loginTest1 -->
  <testcase classname="com.ipclinical.testcases.PracticeMate" name="loginTest1" time="0.0">
    <skipped/>
  </testcase> <!-- loginTest1 -->
  <testcase classname="com.ipclinical.testcases.PracticeMate" name="loginTest1" time="0.0">
    <skipped/>
  </testcase> <!-- loginTest1 -->
  <testcase classname="com.ipclinical.testcases.PracticeMate" name="loginTest1" time="0.0">
    <skipped/>
  </testcase> <!-- loginTest1 -->
  <testcase classname="com.ipclinical.testcases.PracticeMate" name="loginTest1" time="0.0">
    <skipped/>
  </testcase> <!-- loginTest1 -->
  <testcase classname="com.ipclinical.testcases.PracticeMate" name="loginTest1" time="0.0">
    <skipped/>
  </testcase> <!-- loginTest1 -->
  <testcase classname="com.ipclinical.testcases.PracticeMate" name="loginTest1" time="0.001">
    <skipped/>
  </testcase> <!-- loginTest1 -->
  <testcase classname="com.ipclinical.testcases.PracticeMate" name="loginTest1" time="0.0">
    <skipped/>
  </testcase> <!-- loginTest1 -->
  <testcase classname="com.ipclinical.testcases.PracticeMate" name="loginTest1" time="0.0">
    <skipped/>
  </testcase> <!-- loginTest1 -->
  <testcase classname="com.ipclinical.testcases.PracticeMate" name="loginTest1" time="0.0">
    <skipped/>
  </testcase> <!-- loginTest1 -->
  <testcase classname="com.ipclinical.testcases.PracticeMate" name="loginTest1" time="0.0">
    <skipped/>
  </testcase> <!-- loginTest1 -->
  <testcase classname="com.ipclinical.testcases.PracticeMate" name="loginTest1" time="0.0">
    <skipped/>
  </testcase> <!-- loginTest1 -->
  <testcase classname="com.ipclinical.testcases.PracticeMate" name="loginTest1" time="0.0">
    <skipped/>
  </testcase> <!-- loginTest1 -->
  <testcase classname="com.ipclinical.testcases.PracticeMate" name="loginTest1" time="0.0">
    <skipped/>
  </testcase> <!-- loginTest1 -->
  <testcase classname="com.ipclinical.testcases.PracticeMate" name="loginTest1" time="0.0">
    <skipped/>
  </testcase> <!-- loginTest1 -->
  <testcase classname="com.ipclinical.testcases.PracticeMate" name="loginTest1" time="0.0">
    <skipped/>
  </testcase> <!-- loginTest1 -->
  <testcase classname="com.ipclinical.testcases.PracticeMate" name="loginTest1" time="0.0">
    <skipped/>
  </testcase> <!-- loginTest1 -->
  <testcase classname="com.ipclinical.testcases.PracticeMate" name="loginTest1" time="0.0">
    <skipped/>
  </testcase> <!-- loginTest1 -->
  <testcase classname="com.ipclinical.testcases.PracticeMate" name="loginTest1" time="0.0">
    <skipped/>
  </testcase> <!-- loginTest1 -->
  <testcase classname="com.ipclinical.testcases.PracticeMate" name="loginTest1" time="0.0">
    <skipped/>
  </testcase> <!-- loginTest1 -->
  <testcase classname="com.ipclinical.testcases.PracticeMate" name="loginTest1" time="0.0">
    <skipped/>
  </testcase> <!-- loginTest1 -->
  <testcase classname="com.ipclinical.testcases.PracticeMate" name="loginTest1" time="0.0">
    <skipped/>
  </testcase> <!-- loginTest1 -->
  <testcase classname="com.ipclinical.testcases.PracticeMate" name="loginTest1" time="0.0">
    <skipped/>
  </testcase> <!-- loginTest1 -->
  <testcase classname="com.ipclinical.testcases.PracticeMate" name="loginTest1" time="0.0">
    <skipped/>
  </testcase> <!-- loginTest1 -->
  <testcase classname="com.ipclinical.testcases.PracticeMate" name="loginTest1" time="0.0">
    <skipped/>
  </testcase> <!-- loginTest1 -->
  <testcase classname="com.ipclinical.testcases.PracticeMate" name="loginTest1" time="0.0">
    <skipped/>
  </testcase> <!-- loginTest1 -->
</testsuite> <!-- Test_All -->
