<?xml version="1.0" encoding="UTF-8"?>
<testng-results ignored="14" total="22" passed="7" failed="1" skipped="0">
  <reporter-output>
  </reporter-output>
  <suite started-at="2022-12-27T12:46:17 EST" name="Default suite" finished-at="2022-12-27T12:51:47 EST" duration-ms="330566">
    <groups>
    </groups>
    <test started-at="2022-12-27T12:46:17 EST" name="Default test" finished-at="2022-12-27T12:51:47 EST" duration-ms="330566">
      <class name="com.ipclinical.testcases.PatientCaseTest">
        <test-method is-config="true" signature="loadConfig()[pri:0, instance:com.ipclinical.testcases.PatientCaseTest@48e4374]" started-at="2022-12-27T12:46:16 EST" name="loadConfig" finished-at="2022-12-27T12:46:17 EST" duration-ms="319" status="PASS">
          <reporter-output>
          </reporter-output>
        </test-method> <!-- loadConfig -->
        <test-method is-config="true" signature="setup()[pri:0, instance:com.ipclinical.testcases.PatientCaseTest@48e4374]" started-at="2022-12-27T12:46:17 EST" name="setup" finished-at="2022-12-27T12:46:24 EST" duration-ms="7051" status="PASS">
          <reporter-output>
          </reporter-output>
        </test-method> <!-- setup -->
        <test-method signature="patientCase_TC1_toNavigatePatientCase()[pri:1, instance:com.ipclinical.testcases.PatientCaseTest@48e4374]" started-at="2022-12-27T12:46:24 EST" name="patientCase_TC1_toNavigatePatientCase" finished-at="2022-12-27T12:46:35 EST" duration-ms="11043" status="PASS">
          <reporter-output>
          </reporter-output>
        </test-method> <!-- patientCase_TC1_toNavigatePatientCase -->
        <test-method signature="patientCase_TC12_toNavigateto_PatientChart_PatientCase()[pri:15, instance:com.ipclinical.testcases.PatientCaseTest@48e4374]" started-at="2022-12-27T12:46:35 EST" name="patientCase_TC12_toNavigateto_PatientChart_PatientCase" finished-at="2022-12-27T12:46:56 EST" depends-on-methods="com.ipclinical.testcases.PatientCaseTest.patientCase_TC1_toNavigatePatientCase" duration-ms="21795" status="PASS">
          <reporter-output>
          </reporter-output>
        </test-method> <!-- patientCase_TC12_toNavigateto_PatientChart_PatientCase -->
        <test-method signature="patientCase_fromPatientChart_TC13_clickBtnAdd_PatientCaseModelShouldBeDisplayed()[pri:16, instance:com.ipclinical.testcases.PatientCaseTest@48e4374]" started-at="2022-12-27T12:46:56 EST" name="patientCase_fromPatientChart_TC13_clickBtnAdd_PatientCaseModelShouldBeDisplayed" finished-at="2022-12-27T12:47:00 EST" depends-on-methods="com.ipclinical.testcases.PatientCaseTest.patientCase_TC12_toNavigateto_PatientChart_PatientCase" duration-ms="3172" status="PASS">
          <reporter-output>
          </reporter-output>
        </test-method> <!-- patientCase_fromPatientChart_TC13_clickBtnAdd_PatientCaseModelShouldBeDisplayed -->
        <test-method signature="patientCase_TC14_toValidateFields_PatientCaseModel()[pri:17, instance:com.ipclinical.testcases.PatientCaseTest@48e4374]" started-at="2022-12-27T12:47:00 EST" name="patientCase_TC14_toValidateFields_PatientCaseModel" finished-at="2022-12-27T12:47:40 EST" depends-on-methods="com.ipclinical.testcases.PatientCaseTest.patientCase_TC12_toNavigateto_PatientChart_PatientCase" duration-ms="39973" status="PASS">
          <reporter-output>
          </reporter-output>
        </test-method> <!-- patientCase_TC14_toValidateFields_PatientCaseModel -->
        <test-method signature="patientCase_TC15_toValidateMandatoryFields_PatientCaseModel()[pri:18, instance:com.ipclinical.testcases.PatientCaseTest@48e4374]" started-at="2022-12-27T12:47:40 EST" name="patientCase_TC15_toValidateMandatoryFields_PatientCaseModel" finished-at="2022-12-27T12:48:13 EST" depends-on-methods="com.ipclinical.testcases.PatientCaseTest.patientCase_TC12_toNavigateto_PatientChart_PatientCase" duration-ms="33785" status="PASS">
          <reporter-output>
          </reporter-output>
        </test-method> <!-- patientCase_TC15_toValidateMandatoryFields_PatientCaseModel -->
        <test-method signature="patientCase_patientChart_TC16_clickBtnSaveAddOrder_BtnSave_withoutPatienSelecting_AlertShouldBeDisplayed()[pri:19, instance:com.ipclinical.testcases.PatientCaseTest@48e4374]" started-at="2022-12-27T12:48:13 EST" name="patientCase_patientChart_TC16_clickBtnSaveAddOrder_BtnSave_withoutPatienSelecting_AlertShouldBeDisplayed" finished-at="2022-12-27T12:48:47 EST" depends-on-methods="com.ipclinical.testcases.PatientCaseTest.patientCase_TC12_toNavigateto_PatientChart_PatientCase" duration-ms="34011" status="PASS">
          <reporter-output>
          </reporter-output>
        </test-method> <!-- patientCase_patientChart_TC16_clickBtnSaveAddOrder_BtnSave_withoutPatienSelecting_AlertShouldBeDisplayed -->
        <test-method signature="patientCase_patientChart_TC17_BtnSelectPatient_ShouldNotBeDisplayed()[pri:20, instance:com.ipclinical.testcases.PatientCaseTest@48e4374]" started-at="2022-12-27T12:48:47 EST" name="patientCase_patientChart_TC17_BtnSelectPatient_ShouldNotBeDisplayed" finished-at="2022-12-27T12:49:20 EST" depends-on-methods="com.ipclinical.testcases.PatientCaseTest.patientCase_TC12_toNavigateto_PatientChart_PatientCase" duration-ms="32531" status="PASS">
          <reporter-output>
          </reporter-output>
        </test-method> <!-- patientCase_patientChart_TC17_BtnSelectPatient_ShouldNotBeDisplayed -->
        <test-method signature="patientCase_patientChart_TC21_clickSaveAddOrders_referralModelShouldBeDisplayed()[pri:24, instance:com.ipclinical.testcases.PatientCaseTest@48e4374]" started-at="2022-12-27T12:49:20 EST" name="patientCase_patientChart_TC21_clickSaveAddOrders_referralModelShouldBeDisplayed" finished-at="2022-12-27T12:51:47 EST" depends-on-methods="com.ipclinical.testcases.PatientCaseTest.patientCase_TC12_toNavigateto_PatientChart_PatientCase" duration-ms="147126" status="FAIL">
          <exception class="org.openqa.selenium.TimeoutException">
            <message>
              <![CDATA[Expected condition failed: waiting for visibility of [[ChromeDriver: chrome on WINDOWS (baee0075f48ae223ac15e36d2347e0ec)] -> id: ReferralSearch] (tried for 50 second(s) with 500 milliseconds interval)
Build info: version: '3.141.59', revision: 'e82be7d358', time: '2018-11-14T08:17:03'
System info: host: 'PEMRPK-NB1', ip: '192.168.1.26', os.name: 'Windows 10', os.arch: 'amd64', os.version: '10.0', java.version: '17.0.1'
Driver info: org.openqa.selenium.chrome.ChromeDriver
Capabilities {acceptInsecureCerts: false, browserName: chrome, browserVersion: 108.0.5359.125, chrome: {chromedriverVersion: 108.0.5359.71 (1e0e3868ee06..., userDataDir: C:\Users\uali\AppData\Local...}, goog:chromeOptions: {debuggerAddress: localhost:60008}, javascriptEnabled: true, networkConnectionEnabled: false, pageLoadStrategy: normal, platform: WINDOWS, platformName: WINDOWS, proxy: Proxy(), setWindowRect: true, strictFileInteractability: false, timeouts: {implicit: 0, pageLoad: 300000, script: 30000}, unhandledPromptBehavior: dismiss and notify, webauthn:extension:credBlob: true, webauthn:extension:largeBlob: true, webauthn:virtualAuthenticators: true}
Session ID: baee0075f48ae223ac15e36d2347e0ec]]>
            </message>
            <full-stacktrace>
              <![CDATA[org.openqa.selenium.TimeoutException: Expected condition failed: waiting for visibility of [[ChromeDriver: chrome on WINDOWS (baee0075f48ae223ac15e36d2347e0ec)] -> id: ReferralSearch] (tried for 50 second(s) with 500 milliseconds interval)
Build info: version: '3.141.59', revision: 'e82be7d358', time: '2018-11-14T08:17:03'
System info: host: 'PEMRPK-NB1', ip: '192.168.1.26', os.name: 'Windows 10', os.arch: 'amd64', os.version: '10.0', java.version: '17.0.1'
Driver info: org.openqa.selenium.chrome.ChromeDriver
Capabilities {acceptInsecureCerts: false, browserName: chrome, browserVersion: 108.0.5359.125, chrome: {chromedriverVersion: 108.0.5359.71 (1e0e3868ee06..., userDataDir: C:\Users\uali\AppData\Local...}, goog:chromeOptions: {debuggerAddress: localhost:60008}, javascriptEnabled: true, networkConnectionEnabled: false, pageLoadStrategy: normal, platform: WINDOWS, platformName: WINDOWS, proxy: Proxy(), setWindowRect: true, strictFileInteractability: false, timeouts: {implicit: 0, pageLoad: 300000, script: 30000}, unhandledPromptBehavior: dismiss and notify, webauthn:extension:credBlob: true, webauthn:extension:largeBlob: true, webauthn:virtualAuthenticators: true}
Session ID: baee0075f48ae223ac15e36d2347e0ec
at org.openqa.selenium.support.ui.WebDriverWait.timeoutException(WebDriverWait.java:95)
at org.openqa.selenium.support.ui.FluentWait.until(FluentWait.java:272)
at com.ipclinical.actiondriver.Action.explicitWait(Action.java:768)
at com.ipclinical.actiondriver.Action.waitForModelDisplayed(Action.java:1193)
at com.ipclinical.testcases.PatientCaseTest.patientCase_patientChart_TC21_clickSaveAddOrders_referralModelShouldBeDisplayed(PatientCaseTest.java:808)
at java.base/jdk.internal.reflect.NativeMethodAccessorImpl.invoke0(Native Method)
at java.base/jdk.internal.reflect.NativeMethodAccessorImpl.invoke(NativeMethodAccessorImpl.java:77)
at java.base/jdk.internal.reflect.DelegatingMethodAccessorImpl.invoke(DelegatingMethodAccessorImpl.java:43)
at java.base/java.lang.reflect.Method.invoke(Method.java:568)
at org.testng.internal.MethodInvocationHelper.invokeMethod(MethodInvocationHelper.java:134)
at org.testng.internal.TestInvoker.invokeMethod(TestInvoker.java:597)
at org.testng.internal.TestInvoker.invokeTestMethod(TestInvoker.java:173)
at org.testng.internal.MethodRunner.runInSequence(MethodRunner.java:46)
at org.testng.internal.TestInvoker$MethodInvocationAgent.invoke(TestInvoker.java:816)
at org.testng.internal.TestInvoker.invokeTestMethods(TestInvoker.java:146)
at org.testng.internal.TestMethodWorker.invokeTestMethods(TestMethodWorker.java:146)
at org.testng.internal.TestMethodWorker.run(TestMethodWorker.java:128)
at java.base/java.util.ArrayList.forEach(ArrayList.java:1511)
at org.testng.TestRunner.privateRun(TestRunner.java:766)
at org.testng.TestRunner.run(TestRunner.java:587)
at org.testng.SuiteRunner.runTest(SuiteRunner.java:384)
at org.testng.SuiteRunner.runSequentially(SuiteRunner.java:378)
at org.testng.SuiteRunner.privateRun(SuiteRunner.java:337)
at org.testng.SuiteRunner.run(SuiteRunner.java:286)
at org.testng.SuiteRunnerWorker.runSuite(SuiteRunnerWorker.java:53)
at org.testng.SuiteRunnerWorker.run(SuiteRunnerWorker.java:96)
at org.testng.TestNG.runSuitesSequentially(TestNG.java:1187)
at org.testng.TestNG.runSuitesLocally(TestNG.java:1109)
at org.testng.TestNG.runSuites(TestNG.java:1039)
at org.testng.TestNG.run(TestNG.java:1007)
at org.testng.remote.AbstractRemoteTestNG.run(AbstractRemoteTestNG.java:115)
at org.testng.remote.RemoteTestNG.initAndRun(RemoteTestNG.java:251)
at org.testng.remote.RemoteTestNG.main(RemoteTestNG.java:77)
]]>
            </full-stacktrace>
          </exception> <!-- org.openqa.selenium.TimeoutException -->
          <reporter-output>
          </reporter-output>
        </test-method> <!-- patientCase_patientChart_TC21_clickSaveAddOrders_referralModelShouldBeDisplayed -->
        <test-method is-config="true" signature="tearDown()[pri:0, instance:com.ipclinical.testcases.PatientCaseTest@48e4374]" started-at="2022-12-27T12:51:47 EST" name="tearDown" finished-at="2022-12-27T12:51:47 EST" duration-ms="0" status="PASS">
          <reporter-output>
          </reporter-output>
        </test-method> <!-- tearDown -->
        <test-method is-config="true" signature="afterSuite()[pri:0, instance:com.ipclinical.testcases.PatientCaseTest@48e4374]" started-at="2022-12-27T12:51:47 EST" name="afterSuite" finished-at="2022-12-27T12:51:47 EST" duration-ms="2" status="PASS">
          <reporter-output>
          </reporter-output>
        </test-method> <!-- afterSuite -->
      </class> <!-- com.ipclinical.testcases.PatientCaseTest -->
    </test> <!-- Default test -->
  </suite> <!-- Default suite -->
</testng-results>
